python: can't open file 'create_lmda.py': [Errno 2] No such file or directory
Calculating the total size of images...
[                              ] 0/10, elapsed: 0s, ETA:
Start...
[2F[J[>>>---------------------------] 1/10, 7898.9 task/s, elapsed: 0s, ETA:     0s
Write /student/xmz/DCLS-SR-master/dataset/val/geo_106.png
[2F[J[>>>>>>------------------------] 2/10, 355.4 task/s, elapsed: 0s, ETA:     0s
Write /student/xmz/DCLS-SR-master/dataset/val/geo_107.png
[2F[J[>>>>>>>>>---------------------] 3/10, 38.9 task/s, elapsed: 0s, ETA:     0s
Write /student/xmz/DCLS-SR-master/dataset/val/geo_108.png
[2F[J[>>>>>>>>>>>>------------------] 4/10, 48.4 task/s, elapsed: 0s, ETA:     0s
Write /student/xmz/DCLS-SR-master/dataset/val/geo_109.png
[2F[J[>>>>>>>>>>>>>>>---------------] 5/10, 56.7 task/s, elapsed: 0s, ETA:     0s
Write /student/xmz/DCLS-SR-master/dataset/val/geo_110.png
[2F[J[>>>>>>>>>>>>>>>>>>------------] 6/10, 64.3 task/s, elapsed: 0s, ETA:     0s
Write /student/xmz/DCLS-SR-master/dataset/val/goo_215.png
[2F[J[>>>>>>>>>>>>>>>>>>>>>---------] 7/10, 70.3 task/s, elapsed: 0s, ETA:     0s
Write /student/xmz/DCLS-SR-master/dataset/val/goo_216.png
[2F[J[>>>>>>>>>>>>>>>>>>>>>>>>------] 8/10, 75.4 task/s, elapsed: 0s, ETA:     0s
Write /student/xmz/DCLS-SR-master/dataset/val/goo_217.png
[2F[J[>>>>>>>>>>>>>>>>>>>>>>>>>>>---] 9/10, 79.6 task/s, elapsed: 0s, ETA:     0s
Write /student/xmz/DCLS-SR-master/dataset/val/goo_218.png
[2F[J[>>>>>>>>>>>>>>>>>>>>>>>>>>>>>>] 10/10, 83.4 task/s, elapsed: 0s, ETA:     0s
Write /student/xmz/DCLS-SR-master/dataset/val/goo_219.png
Finish writing lmdb.
All images have the same resolution. Simplify the meta info...
Finish creating lmdb meta info.
Calculating the total size of images...
[                              ] 0/10, elapsed: 0s, ETA:
Start...
[2F[J[>>>---------------------------] 1/10, 6316.7 task/s, elapsed: 0s, ETA:     0s
Write /student/xmz/DCLS-SR-master/dataset/LRblur_aniso_v/x4/geo_106.png
[2F[J[>>>>>>------------------------] 2/10, 2830.2 task/s, elapsed: 0s, ETA:     0s
Write /student/xmz/DCLS-SR-master/dataset/LRblur_aniso_v/x4/geo_107.png
[2F[J[>>>>>>>>>---------------------] 3/10, 56.2 task/s, elapsed: 0s, ETA:     0s
Write /student/xmz/DCLS-SR-master/dataset/LRblur_aniso_v/x4/geo_108.png
[2F[J[>>>>>>>>>>>>------------------] 4/10, 73.5 task/s, elapsed: 0s, ETA:     0s
Write /student/xmz/DCLS-SR-master/dataset/LRblur_aniso_v/x4/geo_109.png
[2F[J[>>>>>>>>>>>>>>>---------------] 5/10, 90.4 task/s, elapsed: 0s, ETA:     0s
Write /student/xmz/DCLS-SR-master/dataset/LRblur_aniso_v/x4/geo_110.png
[2F[J[>>>>>>>>>>>>>>>>>>------------] 6/10, 106.8 task/s, elapsed: 0s, ETA:     0s
Write /student/xmz/DCLS-SR-master/dataset/LRblur_aniso_v/x4/goo_215.png
[2F[J[>>>>>>>>>>>>>>>>>>>>>---------] 7/10, 123.6 task/s, elapsed: 0s, ETA:     0s
Write /student/xmz/DCLS-SR-master/dataset/LRblur_aniso_v/x4/goo_216.png
[2F[J[>>>>>>>>>>>>>>>>>>>>>>>>------] 8/10, 140.4 task/s, elapsed: 0s, ETA:     0s
Write /student/xmz/DCLS-SR-master/dataset/LRblur_aniso_v/x4/goo_217.png
[2F[J[>>>>>>>>>>>>>>>>>>>>>>>>>>>---] 9/10, 156.8 task/s, elapsed: 0s, ETA:     0s
Write /student/xmz/DCLS-SR-master/dataset/LRblur_aniso_v/x4/goo_218.png
[2F[J[>>>>>>>>>>>>>>>>>>>>>>>>>>>>>>] 10/10, 173.1 task/s, elapsed: 0s, ETA:     0s
Write /student/xmz/DCLS-SR-master/dataset/LRblur_aniso_v/x4/goo_219.png
Finish writing lmdb.
All images have the same resolution. Simplify the meta info...
Finish creating lmdb meta info.
Calculating the total size of images...
[                              ] 0/10, elapsed: 0s, ETA:
Start...
[2F[J[>>>---------------------------] 1/10, 7530.2 task/s, elapsed: 0s, ETA:     0s
Write /student/xmz/DCLS-SR-master/dataset/HRblur_aniso_v/x4/geo_106.png
[2F[J[>>>>>>------------------------] 2/10, 354.2 task/s, elapsed: 0s, ETA:     0s
Write /student/xmz/DCLS-SR-master/dataset/HRblur_aniso_v/x4/geo_107.png
[2F[J[>>>>>>>>>---------------------] 3/10, 39.4 task/s, elapsed: 0s, ETA:     0s
Write /student/xmz/DCLS-SR-master/dataset/HRblur_aniso_v/x4/geo_108.png
[2F[J[>>>>>>>>>>>>------------------] 4/10, 46.2 task/s, elapsed: 0s, ETA:     0s
Write /student/xmz/DCLS-SR-master/dataset/HRblur_aniso_v/x4/geo_109.png
[2F[J[>>>>>>>>>>>>>>>---------------] 5/10, 54.5 task/s, elapsed: 0s, ETA:     0s
Write /student/xmz/DCLS-SR-master/dataset/HRblur_aniso_v/x4/geo_110.png
[2F[J[>>>>>>>>>>>>>>>>>>------------] 6/10, 61.9 task/s, elapsed: 0s, ETA:     0s
Write /student/xmz/DCLS-SR-master/dataset/HRblur_aniso_v/x4/goo_215.png
[2F[J[>>>>>>>>>>>>>>>>>>>>>---------] 7/10, 68.7 task/s, elapsed: 0s, ETA:     0s
Write /student/xmz/DCLS-SR-master/dataset/HRblur_aniso_v/x4/goo_216.png
[2F[J[>>>>>>>>>>>>>>>>>>>>>>>>------] 8/10, 74.8 task/s, elapsed: 0s, ETA:     0s
Write /student/xmz/DCLS-SR-master/dataset/HRblur_aniso_v/x4/goo_217.png
[2F[J[>>>>>>>>>>>>>>>>>>>>>>>>>>>---] 9/10, 80.3 task/s, elapsed: 0s, ETA:     0s
Write /student/xmz/DCLS-SR-master/dataset/HRblur_aniso_v/x4/goo_218.png
[2F[J[>>>>>>>>>>>>>>>>>>>>>>>>>>>>>>] 10/10, 85.3 task/s, elapsed: 0s, ETA:     0s
Write /student/xmz/DCLS-SR-master/dataset/HRblur_aniso_v/x4/goo_219.png
Finish writing lmdb.
All images have the same resolution. Simplify the meta info...
Finish creating lmdb meta info.
